{"level":"error","message":"Error: Cannot read properties of undefined (reading 'message')","service":"libtrack-backend","timestamp":"2025-11-12 21:24:06"}
{"level":"error","message":"Error: Cannot read properties of undefined (reading 'message')","service":"libtrack-backend","timestamp":"2025-11-12 21:24:06"}
{"level":"error","message":"Error: Cannot read properties of undefined (reading 'message')","service":"libtrack-backend","timestamp":"2025-11-12 21:24:06"}
{"level":"error","message":"Error: Cannot read properties of undefined (reading 'message')","service":"libtrack-backend","timestamp":"2025-11-12 21:24:06"}
{"level":"error","message":"Error processing payment in cash: Payment validation failed: paymentDate: Cast to date failed for value \"Invalid Date\" (type Date) at path \"paymentDate\", studentId: Path `studentId` is required.","service":"libtrack-backend","timestamp":"2025-11-15 22:14:38"}
{"level":"error","message":"Error processing payment in cash: Payment validation failed: paymentDate: Cast to date failed for value \"Invalid Date\" (type Date) at path \"paymentDate\", studentId: Path `studentId` is required.","service":"libtrack-backend","timestamp":"2025-11-15 22:16:07"}
{"level":"error","message":"Error processing payment in cash: Payment validation failed: paymentDate: Cast to date failed for value \"Invalid Date\" (type Date) at path \"paymentDate\", studentId: Path `studentId` is required.","service":"libtrack-backend","timestamp":"2025-11-15 22:18:38"}
{"level":"error","message":"Error processing payment in cash: Student not found","service":"libtrack-backend","timestamp":"2025-11-15 22:19:57"}
{"level":"error","message":"Error processing payment in cash: Student not found","service":"libtrack-backend","timestamp":"2025-11-15 22:20:33"}
{"level":"error","message":"Error: Cannot read properties of undefined (reading 'message')","service":"libtrack-backend","timestamp":"2025-11-17 20:41:27"}
{"level":"error","message":"Error: Cannot read properties of undefined (reading 'message')","service":"libtrack-backend","timestamp":"2025-11-17 20:41:27"}
{"level":"error","message":"Error: Cannot read properties of undefined (reading 'message')","service":"libtrack-backend","timestamp":"2025-11-17 20:41:27"}
{"level":"error","message":"Error: Cannot read properties of undefined (reading 'message')","service":"libtrack-backend","timestamp":"2025-11-17 20:41:27"}
{"level":"error","message":"Error: Cannot read properties of undefined (reading 'message')","service":"libtrack-backend","timestamp":"2025-11-20 18:47:46"}
{"level":"error","message":"Error: Cannot read properties of undefined (reading 'message')","service":"libtrack-backend","timestamp":"2025-11-20 18:47:46"}
{"level":"error","message":"Error: Cannot read properties of undefined (reading 'message')","service":"libtrack-backend","timestamp":"2025-11-20 18:47:46"}
{"level":"error","message":"Error: Cannot read properties of undefined (reading 'message')","service":"libtrack-backend","timestamp":"2025-11-20 18:47:46"}
{"level":"error","message":"Unhandled Rejection: logger is not defined","service":"libtrack-backend","timestamp":"2025-11-20 23:06:06"}
{"level":"error","message":"Error: Cannot read properties of undefined (reading 'message')","service":"libtrack-backend","timestamp":"2025-11-22 21:28:18"}
{"level":"error","message":"Error: Cannot read properties of undefined (reading 'message')","service":"libtrack-backend","timestamp":"2025-11-22 21:28:18"}
{"level":"error","message":"Error: Cannot read properties of undefined (reading 'message')","service":"libtrack-backend","timestamp":"2025-11-22 21:28:18"}
{"level":"error","message":"Error: Cannot read properties of undefined (reading 'message')","service":"libtrack-backend","timestamp":"2025-11-22 21:28:18"}
{"level":"error","message":"Error connecting to MongoDB: querySrv ECONNREFUSED _mongodb._tcp.cluster0.hjwghqx.mongodb.net","service":"libtrack-backend","timestamp":"2025-11-26 18:35:18"}
{"level":"error","message":"Error connecting to MongoDB: querySrv ECONNREFUSED _mongodb._tcp.cluster0.hjwghqx.mongodb.net","service":"libtrack-backend","timestamp":"2025-11-26 18:35:35"}
{"level":"error","message":"Unhandled Rejection: Error: Invalid token request new link.","service":"libtrack-backend","timestamp":"2025-11-27 16:16:00"}
{"level":"error","message":"Unhandled Rejection: Error: Invalid token request new link.","service":"libtrack-backend","timestamp":"2025-11-27 16:17:28"}
{"level":"error","message":"Unhandled Rejection: body is not defined","service":"libtrack-backend","timestamp":"2025-11-27 16:19:07"}
{"level":"error","message":"Unhandled Rejection: Error: Invalid token request new link.","service":"libtrack-backend","timestamp":"2025-11-27 16:19:35"}
{"level":"error","message":"Unhandled Rejection: Error: Invalid link. Please request a new one to proceed","service":"libtrack-backend","timestamp":"2025-11-27 16:20:38"}
